2022-09-06 11:08:01 - INFO - Starting GroceryShoppingApplication using Java 18.0.2 on DELL-6JY1FL3 with PID 8844 (D:\project\GroceryShopping\target\classes started by Administrator in D:\project\GroceryShopping)
2022-09-06 11:08:01 - INFO - No active profile set, falling back to 1 default profile: "default"
2022-09-06 11:08:03 - INFO - Starting service [Tomcat]
2022-09-06 11:08:03 - INFO - Starting Servlet engine: [Apache Tomcat/9.0.65]
2022-09-06 11:08:03 - INFO - Initializing Spring embedded WebApplicationContext
2022-09-06 11:08:04 - INFO - HHH000204: Processing PersistenceUnitInfo [name: default]
2022-09-06 11:08:04 - INFO - HHH000412: Hibernate ORM core version 5.6.10.Final
2022-09-06 11:08:04 - INFO - HCANN000001: Hibernate Commons Annotations {5.1.2.Final}
2022-09-06 11:08:04 - INFO - HikariPool-1 - Starting...
2022-09-06 11:08:04 - WARN - Registered driver with driverClassName=com.mysql.jdbc.Driver was not found, trying direct instantiation.
2022-09-06 11:08:04 - INFO - HikariPool-1 - Start completed.
2022-09-06 11:08:04 - INFO - HHH000400: Using dialect: org.hibernate.dialect.MySQL5InnoDBDialect
2022-09-06 11:08:05 - INFO - HHH000490: Using JtaPlatform implementation: [org.hibernate.engine.transaction.jta.platform.internal.NoJtaPlatform]
2022-09-06 11:08:06 - INFO - HikariPool-1 - Shutdown initiated...
2022-09-06 11:08:06 - INFO - HikariPool-1 - Shutdown completed.
2022-09-06 11:08:06 - INFO - Stopping service [Tomcat]
2022-09-06 11:08:06 - ERROR - Application run failed
org.springframework.beans.factory.UnsatisfiedDependencyException: Error creating bean with name 'authController': Unsatisfied dependency expressed through field 'userService'; nested exception is org.springframework.beans.factory.UnsatisfiedDependencyException: Error creating bean with name 'userService': Unsatisfied dependency expressed through field 'cartRepository'; nested exception is org.springframework.beans.factory.BeanCreationException: Error creating bean with name 'cartRepository' defined in com.nseit.GroceryShopping.repository.CartRepository defined in @EnableJpaRepositories declared on JpaRepositoriesRegistrar.EnableJpaRepositoriesConfiguration: Invocation of init method failed; nested exception is org.springframework.data.repository.query.QueryCreationException: Could not create query for public abstract java.util.Optional com.nseit.GroceryShopping.repository.CartRepository.findByGrocerUser(com.nseit.GroceryShopping.model.GroceryUser); Reason: Failed to create query for method public abstract java.util.Optional com.nseit.GroceryShopping.repository.CartRepository.findByGrocerUser(com.nseit.GroceryShopping.model.GroceryUser)! No property 'grocerUser' found for type 'Cart' Did you mean ''groceryUser''; nested exception is java.lang.IllegalArgumentException: Failed to create query for method public abstract java.util.Optional com.nseit.GroceryShopping.repository.CartRepository.findByGrocerUser(com.nseit.GroceryShopping.model.GroceryUser)! No property 'grocerUser' found for type 'Cart' Did you mean ''groceryUser''
	at org.springframework.beans.factory.annotation.AutowiredAnnotationBeanPostProcessor$AutowiredFieldElement.resolveFieldValue(AutowiredAnnotationBeanPostProcessor.java:659)
	at org.springframework.beans.factory.annotation.AutowiredAnnotationBeanPostProcessor$AutowiredFieldElement.inject(AutowiredAnnotationBeanPostProcessor.java:639)
	at org.springframework.beans.factory.annotation.InjectionMetadata.inject(InjectionMetadata.java:119)
	at org.springframework.beans.factory.annotation.AutowiredAnnotationBeanPostProcessor.postProcessProperties(AutowiredAnnotationBeanPostProcessor.java:399)
	at org.springframework.beans.factory.support.AbstractAutowireCapableBeanFactory.populateBean(AbstractAutowireCapableBeanFactory.java:1431)
	at org.springframework.beans.factory.support.AbstractAutowireCapableBeanFactory.doCreateBean(AbstractAutowireCapableBeanFactory.java:619)
	at org.springframework.beans.factory.support.AbstractAutowireCapableBeanFactory.createBean(AbstractAutowireCapableBeanFactory.java:542)
	at org.springframework.beans.factory.support.AbstractBeanFactory.lambda$doGetBean$0(AbstractBeanFactory.java:335)
	at org.springframework.beans.factory.support.DefaultSingletonBeanRegistry.getSingleton(DefaultSingletonBeanRegistry.java:234)
	at org.springframework.beans.factory.support.AbstractBeanFactory.doGetBean(AbstractBeanFactory.java:333)
	at org.springframework.beans.factory.support.AbstractBeanFactory.getBean(AbstractBeanFactory.java:208)
	at org.springframework.beans.factory.support.DefaultListableBeanFactory.preInstantiateSingletons(DefaultListableBeanFactory.java:955)
	at org.springframework.context.support.AbstractApplicationContext.finishBeanFactoryInitialization(AbstractApplicationContext.java:918)
	at org.springframework.context.support.AbstractApplicationContext.refresh(AbstractApplicationContext.java:583)
	at org.springframework.boot.web.servlet.context.ServletWebServerApplicationContext.refresh(ServletWebServerApplicationContext.java:147)
	at org.springframework.boot.SpringApplication.refresh(SpringApplication.java:734)
	at org.springframework.boot.SpringApplication.refreshContext(SpringApplication.java:408)
	at org.springframework.boot.SpringApplication.run(SpringApplication.java:308)
	at org.springframework.boot.SpringApplication.run(SpringApplication.java:1306)
	at org.springframework.boot.SpringApplication.run(SpringApplication.java:1295)
	at com.nseit.GroceryShopping.GroceryShoppingApplication.main(GroceryShoppingApplication.java:11)
	at java.base/jdk.internal.reflect.DirectMethodHandleAccessor.invoke(DirectMethodHandleAccessor.java:104)
	at java.base/java.lang.reflect.Method.invoke(Method.java:577)
	at org.springframework.boot.devtools.restart.RestartLauncher.run(RestartLauncher.java:49)
Caused by: org.springframework.beans.factory.UnsatisfiedDependencyException: Error creating bean with name 'userService': Unsatisfied dependency expressed through field 'cartRepository'; nested exception is org.springframework.beans.factory.BeanCreationException: Error creating bean with name 'cartRepository' defined in com.nseit.GroceryShopping.repository.CartRepository defined in @EnableJpaRepositories declared on JpaRepositoriesRegistrar.EnableJpaRepositoriesConfiguration: Invocation of init method failed; nested exception is org.springframework.data.repository.query.QueryCreationException: Could not create query for public abstract java.util.Optional com.nseit.GroceryShopping.repository.CartRepository.findByGrocerUser(com.nseit.GroceryShopping.model.GroceryUser); Reason: Failed to create query for method public abstract java.util.Optional com.nseit.GroceryShopping.repository.CartRepository.findByGrocerUser(com.nseit.GroceryShopping.model.GroceryUser)! No property 'grocerUser' found for type 'Cart' Did you mean ''groceryUser''; nested exception is java.lang.IllegalArgumentException: Failed to create query for method public abstract java.util.Optional com.nseit.GroceryShopping.repository.CartRepository.findByGrocerUser(com.nseit.GroceryShopping.model.GroceryUser)! No property 'grocerUser' found for type 'Cart' Did you mean ''groceryUser''
	at org.springframework.beans.factory.annotation.AutowiredAnnotationBeanPostProcessor$AutowiredFieldElement.resolveFieldValue(AutowiredAnnotationBeanPostProcessor.java:659)
	at org.springframework.beans.factory.annotation.AutowiredAnnotationBeanPostProcessor$AutowiredFieldElement.inject(AutowiredAnnotationBeanPostProcessor.java:639)
	at org.springframework.beans.factory.annotation.InjectionMetadata.inject(InjectionMetadata.java:119)
	at org.springframework.beans.factory.annotation.AutowiredAnnotationBeanPostProcessor.postProcessProperties(AutowiredAnnotationBeanPostProcessor.java:399)
	at org.springframework.beans.factory.support.AbstractAutowireCapableBeanFactory.populateBean(AbstractAutowireCapableBeanFactory.java:1431)
	at org.springframework.beans.factory.support.AbstractAutowireCapableBeanFactory.doCreateBean(AbstractAutowireCapableBeanFactory.java:619)
	at org.springframework.beans.factory.support.AbstractAutowireCapableBeanFactory.createBean(AbstractAutowireCapableBeanFactory.java:542)
	at org.springframework.beans.factory.support.AbstractBeanFactory.lambda$doGetBean$0(AbstractBeanFactory.java:335)
	at org.springframework.beans.factory.support.DefaultSingletonBeanRegistry.getSingleton(DefaultSingletonBeanRegistry.java:234)
	at org.springframework.beans.factory.support.AbstractBeanFactory.doGetBean(AbstractBeanFactory.java:333)
	at org.springframework.beans.factory.support.AbstractBeanFactory.getBean(AbstractBeanFactory.java:208)
	at org.springframework.beans.factory.config.DependencyDescriptor.resolveCandidate(DependencyDescriptor.java:276)
	at org.springframework.beans.factory.support.DefaultListableBeanFactory.doResolveDependency(DefaultListableBeanFactory.java:1391)
	at org.springframework.beans.factory.support.DefaultListableBeanFactory.resolveDependency(DefaultListableBeanFactory.java:1311)
	at org.springframework.beans.factory.annotation.AutowiredAnnotationBeanPostProcessor$AutowiredFieldElement.resolveFieldValue(AutowiredAnnotationBeanPostProcessor.java:656)
	... 23 common frames omitted
Caused by: org.springframework.beans.factory.BeanCreationException: Error creating bean with name 'cartRepository' defined in com.nseit.GroceryShopping.repository.CartRepository defined in @EnableJpaRepositories declared on JpaRepositoriesRegistrar.EnableJpaRepositoriesConfiguration: Invocation of init method failed; nested exception is org.springframework.data.repository.query.QueryCreationException: Could not create query for public abstract java.util.Optional com.nseit.GroceryShopping.repository.CartRepository.findByGrocerUser(com.nseit.GroceryShopping.model.GroceryUser); Reason: Failed to create query for method public abstract java.util.Optional com.nseit.GroceryShopping.repository.CartRepository.findByGrocerUser(com.nseit.GroceryShopping.model.GroceryUser)! No property 'grocerUser' found for type 'Cart' Did you mean ''groceryUser''; nested exception is java.lang.IllegalArgumentException: Failed to create query for method public abstract java.util.Optional com.nseit.GroceryShopping.repository.CartRepository.findByGrocerUser(com.nseit.GroceryShopping.model.GroceryUser)! No property 'grocerUser' found for type 'Cart' Did you mean ''groceryUser''
	at org.springframework.beans.factory.support.AbstractAutowireCapableBeanFactory.initializeBean(AbstractAutowireCapableBeanFactory.java:1804)
	at org.springframework.beans.factory.support.AbstractAutowireCapableBeanFactory.doCreateBean(AbstractAutowireCapableBeanFactory.java:620)
	at org.springframework.beans.factory.support.AbstractAutowireCapableBeanFactory.createBean(AbstractAutowireCapableBeanFactory.java:542)
	at org.springframework.beans.factory.support.AbstractBeanFactory.lambda$doGetBean$0(AbstractBeanFactory.java:335)
	at org.springframework.beans.factory.support.DefaultSingletonBeanRegistry.getSingleton(DefaultSingletonBeanRegistry.java:234)
	at org.springframework.beans.factory.support.AbstractBeanFactory.doGetBean(AbstractBeanFactory.java:333)
	at org.springframework.beans.factory.support.AbstractBeanFactory.getBean(AbstractBeanFactory.java:208)
	at org.springframework.beans.factory.config.DependencyDescriptor.resolveCandidate(DependencyDescriptor.java:276)
	at org.springframework.beans.factory.support.DefaultListableBeanFactory.doResolveDependency(DefaultListableBeanFactory.java:1391)
	at org.springframework.beans.factory.support.DefaultListableBeanFactory.resolveDependency(DefaultListableBeanFactory.java:1311)
	at org.springframework.beans.factory.annotation.AutowiredAnnotationBeanPostProcessor$AutowiredFieldElement.resolveFieldValue(AutowiredAnnotationBeanPostProcessor.java:656)
	... 37 common frames omitted
Caused by: org.springframework.data.repository.query.QueryCreationException: Could not create query for public abstract java.util.Optional com.nseit.GroceryShopping.repository.CartRepository.findByGrocerUser(com.nseit.GroceryShopping.model.GroceryUser); Reason: Failed to create query for method public abstract java.util.Optional com.nseit.GroceryShopping.repository.CartRepository.findByGrocerUser(com.nseit.GroceryShopping.model.GroceryUser)! No property 'grocerUser' found for type 'Cart' Did you mean ''groceryUser''; nested exception is java.lang.IllegalArgumentException: Failed to create query for method public abstract java.util.Optional com.nseit.GroceryShopping.repository.CartRepository.findByGrocerUser(com.nseit.GroceryShopping.model.GroceryUser)! No property 'grocerUser' found for type 'Cart' Did you mean ''groceryUser''
	at org.springframework.data.repository.query.QueryCreationException.create(QueryCreationException.java:101)
	at org.springframework.data.repository.core.support.QueryExecutorMethodInterceptor.lookupQuery(QueryExecutorMethodInterceptor.java:107)
	at org.springframework.data.repository.core.support.QueryExecutorMethodInterceptor.lambda$mapMethodsToQuery$1(QueryExecutorMethodInterceptor.java:95)
	at java.base/java.util.stream.ReferencePipeline$3$1.accept(ReferencePipeline.java:197)
	at java.base/java.util.Iterator.forEachRemaining(Iterator.java:133)
	at java.base/java.util.Collections$UnmodifiableCollection$1.forEachRemaining(Collections.java:1061)
	at java.base/java.util.Spliterators$IteratorSpliterator.forEachRemaining(Spliterators.java:1845)
	at java.base/java.util.stream.AbstractPipeline.copyInto(AbstractPipeline.java:509)
	at java.base/java.util.stream.AbstractPipeline.wrapAndCopyInto(AbstractPipeline.java:499)
	at java.base/java.util.stream.ReduceOps$ReduceOp.evaluateSequential(ReduceOps.java:921)
	at java.base/java.util.stream.AbstractPipeline.evaluate(AbstractPipeline.java:234)
	at java.base/java.util.stream.ReferencePipeline.collect(ReferencePipeline.java:682)
	at org.springframework.data.repository.core.support.QueryExecutorMethodInterceptor.mapMethodsToQuery(QueryExecutorMethodInterceptor.java:97)
	at org.springframework.data.repository.core.support.QueryExecutorMethodInterceptor.lambda$new$0(QueryExecutorMethodInterceptor.java:87)
	at java.base/java.util.Optional.map(Optional.java:260)
	at org.springframework.data.repository.core.support.QueryExecutorMethodInterceptor.<init>(QueryExecutorMethodInterceptor.java:87)
	at org.springframework.data.repository.core.support.RepositoryFactorySupport.getRepository(RepositoryFactorySupport.java:365)
	at org.springframework.data.repository.core.support.RepositoryFactoryBeanSupport.lambda$afterPropertiesSet$5(RepositoryFactoryBeanSupport.java:323)
	at org.springframework.data.util.Lazy.getNullable(Lazy.java:231)
	at org.springframework.data.util.Lazy.get(Lazy.java:115)
	at org.springframework.data.repository.core.support.RepositoryFactoryBeanSupport.afterPropertiesSet(RepositoryFactoryBeanSupport.java:329)
	at org.springframework.data.jpa.repository.support.JpaRepositoryFactoryBean.afterPropertiesSet(JpaRepositoryFactoryBean.java:144)
	at org.springframework.beans.factory.support.AbstractAutowireCapableBeanFactory.invokeInitMethods(AbstractAutowireCapableBeanFactory.java:1863)
	at org.springframework.beans.factory.support.AbstractAutowireCapableBeanFactory.initializeBean(AbstractAutowireCapableBeanFactory.java:1800)
	... 47 common frames omitted
Caused by: java.lang.IllegalArgumentException: Failed to create query for method public abstract java.util.Optional com.nseit.GroceryShopping.repository.CartRepository.findByGrocerUser(com.nseit.GroceryShopping.model.GroceryUser)! No property 'grocerUser' found for type 'Cart' Did you mean ''groceryUser''
	at org.springframework.data.jpa.repository.query.PartTreeJpaQuery.<init>(PartTreeJpaQuery.java:96)
	at org.springframework.data.jpa.repository.query.JpaQueryLookupStrategy$CreateQueryLookupStrategy.resolveQuery(JpaQueryLookupStrategy.java:119)
	at org.springframework.data.jpa.repository.query.JpaQueryLookupStrategy$CreateIfNotFoundQueryLookupStrategy.resolveQuery(JpaQueryLookupStrategy.java:259)
	at org.springframework.data.jpa.repository.query.JpaQueryLookupStrategy$AbstractQueryLookupStrategy.resolveQuery(JpaQueryLookupStrategy.java:93)
	at org.springframework.data.repository.core.support.QueryExecutorMethodInterceptor.lookupQuery(QueryExecutorMethodInterceptor.java:103)
	... 69 common frames omitted
Caused by: org.springframework.data.mapping.PropertyReferenceException: No property 'grocerUser' found for type 'Cart' Did you mean ''groceryUser''
	at org.springframework.data.mapping.PropertyPath.<init>(PropertyPath.java:91)
	at org.springframework.data.mapping.PropertyPath.create(PropertyPath.java:438)
	at org.springframework.data.mapping.PropertyPath.create(PropertyPath.java:414)
	at org.springframework.data.mapping.PropertyPath.lambda$from$0(PropertyPath.java:367)
	at java.base/java.util.concurrent.ConcurrentMap.computeIfAbsent(ConcurrentMap.java:330)
	at org.springframework.data.mapping.PropertyPath.from(PropertyPath.java:349)
	at org.springframework.data.mapping.PropertyPath.from(PropertyPath.java:332)
	at org.springframework.data.repository.query.parser.Part.<init>(Part.java:81)
	at org.springframework.data.repository.query.parser.PartTree$OrPart.lambda$new$0(PartTree.java:250)
	at java.base/java.util.stream.ReferencePipeline$3$1.accept(ReferencePipeline.java:197)
	at java.base/java.util.stream.ReferencePipeline$2$1.accept(ReferencePipeline.java:179)
	at java.base/java.util.Spliterators$ArraySpliterator.forEachRemaining(Spliterators.java:992)
	at java.base/java.util.stream.AbstractPipeline.copyInto(AbstractPipeline.java:509)
	at java.base/java.util.stream.AbstractPipeline.wrapAndCopyInto(AbstractPipeline.java:499)
	at java.base/java.util.stream.ReduceOps$ReduceOp.evaluateSequential(ReduceOps.java:921)
	at java.base/java.util.stream.AbstractPipeline.evaluate(AbstractPipeline.java:234)
	at java.base/java.util.stream.ReferencePipeline.collect(ReferencePipeline.java:682)
	at org.springframework.data.repository.query.parser.PartTree$OrPart.<init>(PartTree.java:251)
	at org.springframework.data.repository.query.parser.PartTree$Predicate.lambda$new$0(PartTree.java:384)
	at java.base/java.util.stream.ReferencePipeline$3$1.accept(ReferencePipeline.java:197)
	at java.base/java.util.stream.ReferencePipeline$2$1.accept(ReferencePipeline.java:179)
	at java.base/java.util.Spliterators$ArraySpliterator.forEachRemaining(Spliterators.java:992)
	at java.base/java.util.stream.AbstractPipeline.copyInto(AbstractPipeline.java:509)
	at java.base/java.util.stream.AbstractPipeline.wrapAndCopyInto(AbstractPipeline.java:499)
	at java.base/java.util.stream.ReduceOps$ReduceOp.evaluateSequential(ReduceOps.java:921)
	at java.base/java.util.stream.AbstractPipeline.evaluate(AbstractPipeline.java:234)
	at java.base/java.util.stream.ReferencePipeline.collect(ReferencePipeline.java:682)
	at org.springframework.data.repository.query.parser.PartTree$Predicate.<init>(PartTree.java:385)
	at org.springframework.data.repository.query.parser.PartTree.<init>(PartTree.java:96)
	at org.springframework.data.jpa.repository.query.PartTreeJpaQuery.<init>(PartTreeJpaQuery.java:89)
	... 73 common frames omitted
2022-09-06 11:14:39 - INFO - Starting GroceryShoppingApplication using Java 18.0.2 on DELL-6JY1FL3 with PID 2104 (D:\project\GroceryShopping\target\classes started by Administrator in D:\project\GroceryShopping)
2022-09-06 11:14:39 - INFO - No active profile set, falling back to 1 default profile: "default"
2022-09-06 11:14:41 - INFO - Starting service [Tomcat]
2022-09-06 11:14:41 - INFO - Starting Servlet engine: [Apache Tomcat/9.0.65]
2022-09-06 11:14:41 - INFO - Initializing Spring embedded WebApplicationContext
2022-09-06 11:14:41 - INFO - HHH000204: Processing PersistenceUnitInfo [name: default]
2022-09-06 11:14:42 - INFO - HHH000412: Hibernate ORM core version 5.6.10.Final
2022-09-06 11:14:42 - INFO - HCANN000001: Hibernate Commons Annotations {5.1.2.Final}
2022-09-06 11:14:42 - INFO - HikariPool-1 - Starting...
2022-09-06 11:14:42 - WARN - Registered driver with driverClassName=com.mysql.jdbc.Driver was not found, trying direct instantiation.
2022-09-06 11:14:42 - INFO - HikariPool-1 - Start completed.
2022-09-06 11:14:42 - INFO - HHH000400: Using dialect: org.hibernate.dialect.MySQL5InnoDBDialect
2022-09-06 11:14:43 - INFO - HHH000490: Using JtaPlatform implementation: [org.hibernate.engine.transaction.jta.platform.internal.NoJtaPlatform]
2022-09-06 11:14:43 - INFO - HikariPool-1 - Shutdown initiated...
2022-09-06 11:14:43 - INFO - HikariPool-1 - Shutdown completed.
2022-09-06 11:14:43 - INFO - Stopping service [Tomcat]
2022-09-06 11:14:44 - ERROR - Application run failed
org.springframework.beans.factory.UnsatisfiedDependencyException: Error creating bean with name 'authController': Unsatisfied dependency expressed through field 'userService'; nested exception is org.springframework.beans.factory.UnsatisfiedDependencyException: Error creating bean with name 'userService': Unsatisfied dependency expressed through field 'cartRepository'; nested exception is org.springframework.beans.factory.BeanCreationException: Error creating bean with name 'cartRepository' defined in com.nseit.GroceryShopping.repository.CartRepository defined in @EnableJpaRepositories declared on JpaRepositoriesRegistrar.EnableJpaRepositoriesConfiguration: Invocation of init method failed; nested exception is org.springframework.data.repository.query.QueryCreationException: Could not create query for public abstract java.util.Optional com.nseit.GroceryShopping.repository.CartRepository.findByGrocerUser(com.nseit.GroceryShopping.model.GroceryUser); Reason: Failed to create query for method public abstract java.util.Optional com.nseit.GroceryShopping.repository.CartRepository.findByGrocerUser(com.nseit.GroceryShopping.model.GroceryUser)! No property 'grocerUser' found for type 'Cart' Did you mean ''groceryUser''; nested exception is java.lang.IllegalArgumentException: Failed to create query for method public abstract java.util.Optional com.nseit.GroceryShopping.repository.CartRepository.findByGrocerUser(com.nseit.GroceryShopping.model.GroceryUser)! No property 'grocerUser' found for type 'Cart' Did you mean ''groceryUser''
	at org.springframework.beans.factory.annotation.AutowiredAnnotationBeanPostProcessor$AutowiredFieldElement.resolveFieldValue(AutowiredAnnotationBeanPostProcessor.java:659)
	at org.springframework.beans.factory.annotation.AutowiredAnnotationBeanPostProcessor$AutowiredFieldElement.inject(AutowiredAnnotationBeanPostProcessor.java:639)
	at org.springframework.beans.factory.annotation.InjectionMetadata.inject(InjectionMetadata.java:119)
	at org.springframework.beans.factory.annotation.AutowiredAnnotationBeanPostProcessor.postProcessProperties(AutowiredAnnotationBeanPostProcessor.java:399)
	at org.springframework.beans.factory.support.AbstractAutowireCapableBeanFactory.populateBean(AbstractAutowireCapableBeanFactory.java:1431)
	at org.springframework.beans.factory.support.AbstractAutowireCapableBeanFactory.doCreateBean(AbstractAutowireCapableBeanFactory.java:619)
	at org.springframework.beans.factory.support.AbstractAutowireCapableBeanFactory.createBean(AbstractAutowireCapableBeanFactory.java:542)
	at org.springframework.beans.factory.support.AbstractBeanFactory.lambda$doGetBean$0(AbstractBeanFactory.java:335)
	at org.springframework.beans.factory.support.DefaultSingletonBeanRegistry.getSingleton(DefaultSingletonBeanRegistry.java:234)
	at org.springframework.beans.factory.support.AbstractBeanFactory.doGetBean(AbstractBeanFactory.java:333)
	at org.springframework.beans.factory.support.AbstractBeanFactory.getBean(AbstractBeanFactory.java:208)
	at org.springframework.beans.factory.support.DefaultListableBeanFactory.preInstantiateSingletons(DefaultListableBeanFactory.java:955)
	at org.springframework.context.support.AbstractApplicationContext.finishBeanFactoryInitialization(AbstractApplicationContext.java:918)
	at org.springframework.context.support.AbstractApplicationContext.refresh(AbstractApplicationContext.java:583)
	at org.springframework.boot.web.servlet.context.ServletWebServerApplicationContext.refresh(ServletWebServerApplicationContext.java:147)
	at org.springframework.boot.SpringApplication.refresh(SpringApplication.java:734)
	at org.springframework.boot.SpringApplication.refreshContext(SpringApplication.java:408)
	at org.springframework.boot.SpringApplication.run(SpringApplication.java:308)
	at org.springframework.boot.SpringApplication.run(SpringApplication.java:1306)
	at org.springframework.boot.SpringApplication.run(SpringApplication.java:1295)
	at com.nseit.GroceryShopping.GroceryShoppingApplication.main(GroceryShoppingApplication.java:11)
	at java.base/jdk.internal.reflect.DirectMethodHandleAccessor.invoke(DirectMethodHandleAccessor.java:104)
	at java.base/java.lang.reflect.Method.invoke(Method.java:577)
	at org.springframework.boot.devtools.restart.RestartLauncher.run(RestartLauncher.java:49)
Caused by: org.springframework.beans.factory.UnsatisfiedDependencyException: Error creating bean with name 'userService': Unsatisfied dependency expressed through field 'cartRepository'; nested exception is org.springframework.beans.factory.BeanCreationException: Error creating bean with name 'cartRepository' defined in com.nseit.GroceryShopping.repository.CartRepository defined in @EnableJpaRepositories declared on JpaRepositoriesRegistrar.EnableJpaRepositoriesConfiguration: Invocation of init method failed; nested exception is org.springframework.data.repository.query.QueryCreationException: Could not create query for public abstract java.util.Optional com.nseit.GroceryShopping.repository.CartRepository.findByGrocerUser(com.nseit.GroceryShopping.model.GroceryUser); Reason: Failed to create query for method public abstract java.util.Optional com.nseit.GroceryShopping.repository.CartRepository.findByGrocerUser(com.nseit.GroceryShopping.model.GroceryUser)! No property 'grocerUser' found for type 'Cart' Did you mean ''groceryUser''; nested exception is java.lang.IllegalArgumentException: Failed to create query for method public abstract java.util.Optional com.nseit.GroceryShopping.repository.CartRepository.findByGrocerUser(com.nseit.GroceryShopping.model.GroceryUser)! No property 'grocerUser' found for type 'Cart' Did you mean ''groceryUser''
	at org.springframework.beans.factory.annotation.AutowiredAnnotationBeanPostProcessor$AutowiredFieldElement.resolveFieldValue(AutowiredAnnotationBeanPostProcessor.java:659)
	at org.springframework.beans.factory.annotation.AutowiredAnnotationBeanPostProcessor$AutowiredFieldElement.inject(AutowiredAnnotationBeanPostProcessor.java:639)
	at org.springframework.beans.factory.annotation.InjectionMetadata.inject(InjectionMetadata.java:119)
	at org.springframework.beans.factory.annotation.AutowiredAnnotationBeanPostProcessor.postProcessProperties(AutowiredAnnotationBeanPostProcessor.java:399)
	at org.springframework.beans.factory.support.AbstractAutowireCapableBeanFactory.populateBean(AbstractAutowireCapableBeanFactory.java:1431)
	at org.springframework.beans.factory.support.AbstractAutowireCapableBeanFactory.doCreateBean(AbstractAutowireCapableBeanFactory.java:619)
	at org.springframework.beans.factory.support.AbstractAutowireCapableBeanFactory.createBean(AbstractAutowireCapableBeanFactory.java:542)
	at org.springframework.beans.factory.support.AbstractBeanFactory.lambda$doGetBean$0(AbstractBeanFactory.java:335)
	at org.springframework.beans.factory.support.DefaultSingletonBeanRegistry.getSingleton(DefaultSingletonBeanRegistry.java:234)
	at org.springframework.beans.factory.support.AbstractBeanFactory.doGetBean(AbstractBeanFactory.java:333)
	at org.springframework.beans.factory.support.AbstractBeanFactory.getBean(AbstractBeanFactory.java:208)
	at org.springframework.beans.factory.config.DependencyDescriptor.resolveCandidate(DependencyDescriptor.java:276)
	at org.springframework.beans.factory.support.DefaultListableBeanFactory.doResolveDependency(DefaultListableBeanFactory.java:1391)
	at org.springframework.beans.factory.support.DefaultListableBeanFactory.resolveDependency(DefaultListableBeanFactory.java:1311)
	at org.springframework.beans.factory.annotation.AutowiredAnnotationBeanPostProcessor$AutowiredFieldElement.resolveFieldValue(AutowiredAnnotationBeanPostProcessor.java:656)
	... 23 common frames omitted
Caused by: org.springframework.beans.factory.BeanCreationException: Error creating bean with name 'cartRepository' defined in com.nseit.GroceryShopping.repository.CartRepository defined in @EnableJpaRepositories declared on JpaRepositoriesRegistrar.EnableJpaRepositoriesConfiguration: Invocation of init method failed; nested exception is org.springframework.data.repository.query.QueryCreationException: Could not create query for public abstract java.util.Optional com.nseit.GroceryShopping.repository.CartRepository.findByGrocerUser(com.nseit.GroceryShopping.model.GroceryUser); Reason: Failed to create query for method public abstract java.util.Optional com.nseit.GroceryShopping.repository.CartRepository.findByGrocerUser(com.nseit.GroceryShopping.model.GroceryUser)! No property 'grocerUser' found for type 'Cart' Did you mean ''groceryUser''; nested exception is java.lang.IllegalArgumentException: Failed to create query for method public abstract java.util.Optional com.nseit.GroceryShopping.repository.CartRepository.findByGrocerUser(com.nseit.GroceryShopping.model.GroceryUser)! No property 'grocerUser' found for type 'Cart' Did you mean ''groceryUser''
	at org.springframework.beans.factory.support.AbstractAutowireCapableBeanFactory.initializeBean(AbstractAutowireCapableBeanFactory.java:1804)
	at org.springframework.beans.factory.support.AbstractAutowireCapableBeanFactory.doCreateBean(AbstractAutowireCapableBeanFactory.java:620)
	at org.springframework.beans.factory.support.AbstractAutowireCapableBeanFactory.createBean(AbstractAutowireCapableBeanFactory.java:542)
	at org.springframework.beans.factory.support.AbstractBeanFactory.lambda$doGetBean$0(AbstractBeanFactory.java:335)
	at org.springframework.beans.factory.support.DefaultSingletonBeanRegistry.getSingleton(DefaultSingletonBeanRegistry.java:234)
	at org.springframework.beans.factory.support.AbstractBeanFactory.doGetBean(AbstractBeanFactory.java:333)
	at org.springframework.beans.factory.support.AbstractBeanFactory.getBean(AbstractBeanFactory.java:208)
	at org.springframework.beans.factory.config.DependencyDescriptor.resolveCandidate(DependencyDescriptor.java:276)
	at org.springframework.beans.factory.support.DefaultListableBeanFactory.doResolveDependency(DefaultListableBeanFactory.java:1391)
	at org.springframework.beans.factory.support.DefaultListableBeanFactory.resolveDependency(DefaultListableBeanFactory.java:1311)
	at org.springframework.beans.factory.annotation.AutowiredAnnotationBeanPostProcessor$AutowiredFieldElement.resolveFieldValue(AutowiredAnnotationBeanPostProcessor.java:656)
	... 37 common frames omitted
Caused by: org.springframework.data.repository.query.QueryCreationException: Could not create query for public abstract java.util.Optional com.nseit.GroceryShopping.repository.CartRepository.findByGrocerUser(com.nseit.GroceryShopping.model.GroceryUser); Reason: Failed to create query for method public abstract java.util.Optional com.nseit.GroceryShopping.repository.CartRepository.findByGrocerUser(com.nseit.GroceryShopping.model.GroceryUser)! No property 'grocerUser' found for type 'Cart' Did you mean ''groceryUser''; nested exception is java.lang.IllegalArgumentException: Failed to create query for method public abstract java.util.Optional com.nseit.GroceryShopping.repository.CartRepository.findByGrocerUser(com.nseit.GroceryShopping.model.GroceryUser)! No property 'grocerUser' found for type 'Cart' Did you mean ''groceryUser''
	at org.springframework.data.repository.query.QueryCreationException.create(QueryCreationException.java:101)
	at org.springframework.data.repository.core.support.QueryExecutorMethodInterceptor.lookupQuery(QueryExecutorMethodInterceptor.java:107)
	at org.springframework.data.repository.core.support.QueryExecutorMethodInterceptor.lambda$mapMethodsToQuery$1(QueryExecutorMethodInterceptor.java:95)
	at java.base/java.util.stream.ReferencePipeline$3$1.accept(ReferencePipeline.java:197)
	at java.base/java.util.Iterator.forEachRemaining(Iterator.java:133)
	at java.base/java.util.Collections$UnmodifiableCollection$1.forEachRemaining(Collections.java:1061)
	at java.base/java.util.Spliterators$IteratorSpliterator.forEachRemaining(Spliterators.java:1845)
	at java.base/java.util.stream.AbstractPipeline.copyInto(AbstractPipeline.java:509)
	at java.base/java.util.stream.AbstractPipeline.wrapAndCopyInto(AbstractPipeline.java:499)
	at java.base/java.util.stream.ReduceOps$ReduceOp.evaluateSequential(ReduceOps.java:921)
	at java.base/java.util.stream.AbstractPipeline.evaluate(AbstractPipeline.java:234)
	at java.base/java.util.stream.ReferencePipeline.collect(ReferencePipeline.java:682)
	at org.springframework.data.repository.core.support.QueryExecutorMethodInterceptor.mapMethodsToQuery(QueryExecutorMethodInterceptor.java:97)
	at org.springframework.data.repository.core.support.QueryExecutorMethodInterceptor.lambda$new$0(QueryExecutorMethodInterceptor.java:87)
	at java.base/java.util.Optional.map(Optional.java:260)
	at org.springframework.data.repository.core.support.QueryExecutorMethodInterceptor.<init>(QueryExecutorMethodInterceptor.java:87)
	at org.springframework.data.repository.core.support.RepositoryFactorySupport.getRepository(RepositoryFactorySupport.java:365)
	at org.springframework.data.repository.core.support.RepositoryFactoryBeanSupport.lambda$afterPropertiesSet$5(RepositoryFactoryBeanSupport.java:323)
	at org.springframework.data.util.Lazy.getNullable(Lazy.java:231)
	at org.springframework.data.util.Lazy.get(Lazy.java:115)
	at org.springframework.data.repository.core.support.RepositoryFactoryBeanSupport.afterPropertiesSet(RepositoryFactoryBeanSupport.java:329)
	at org.springframework.data.jpa.repository.support.JpaRepositoryFactoryBean.afterPropertiesSet(JpaRepositoryFactoryBean.java:144)
	at org.springframework.beans.factory.support.AbstractAutowireCapableBeanFactory.invokeInitMethods(AbstractAutowireCapableBeanFactory.java:1863)
	at org.springframework.beans.factory.support.AbstractAutowireCapableBeanFactory.initializeBean(AbstractAutowireCapableBeanFactory.java:1800)
	... 47 common frames omitted
Caused by: java.lang.IllegalArgumentException: Failed to create query for method public abstract java.util.Optional com.nseit.GroceryShopping.repository.CartRepository.findByGrocerUser(com.nseit.GroceryShopping.model.GroceryUser)! No property 'grocerUser' found for type 'Cart' Did you mean ''groceryUser''
	at org.springframework.data.jpa.repository.query.PartTreeJpaQuery.<init>(PartTreeJpaQuery.java:96)
	at org.springframework.data.jpa.repository.query.JpaQueryLookupStrategy$CreateQueryLookupStrategy.resolveQuery(JpaQueryLookupStrategy.java:119)
	at org.springframework.data.jpa.repository.query.JpaQueryLookupStrategy$CreateIfNotFoundQueryLookupStrategy.resolveQuery(JpaQueryLookupStrategy.java:259)
	at org.springframework.data.jpa.repository.query.JpaQueryLookupStrategy$AbstractQueryLookupStrategy.resolveQuery(JpaQueryLookupStrategy.java:93)
	at org.springframework.data.repository.core.support.QueryExecutorMethodInterceptor.lookupQuery(QueryExecutorMethodInterceptor.java:103)
	... 69 common frames omitted
Caused by: org.springframework.data.mapping.PropertyReferenceException: No property 'grocerUser' found for type 'Cart' Did you mean ''groceryUser''
	at org.springframework.data.mapping.PropertyPath.<init>(PropertyPath.java:91)
	at org.springframework.data.mapping.PropertyPath.create(PropertyPath.java:438)
	at org.springframework.data.mapping.PropertyPath.create(PropertyPath.java:414)
	at org.springframework.data.mapping.PropertyPath.lambda$from$0(PropertyPath.java:367)
	at java.base/java.util.concurrent.ConcurrentMap.computeIfAbsent(ConcurrentMap.java:330)
	at org.springframework.data.mapping.PropertyPath.from(PropertyPath.java:349)
	at org.springframework.data.mapping.PropertyPath.from(PropertyPath.java:332)
	at org.springframework.data.repository.query.parser.Part.<init>(Part.java:81)
	at org.springframework.data.repository.query.parser.PartTree$OrPart.lambda$new$0(PartTree.java:250)
	at java.base/java.util.stream.ReferencePipeline$3$1.accept(ReferencePipeline.java:197)
	at java.base/java.util.stream.ReferencePipeline$2$1.accept(ReferencePipeline.java:179)
	at java.base/java.util.Spliterators$ArraySpliterator.forEachRemaining(Spliterators.java:992)
	at java.base/java.util.stream.AbstractPipeline.copyInto(AbstractPipeline.java:509)
	at java.base/java.util.stream.AbstractPipeline.wrapAndCopyInto(AbstractPipeline.java:499)
	at java.base/java.util.stream.ReduceOps$ReduceOp.evaluateSequential(ReduceOps.java:921)
	at java.base/java.util.stream.AbstractPipeline.evaluate(AbstractPipeline.java:234)
	at java.base/java.util.stream.ReferencePipeline.collect(ReferencePipeline.java:682)
	at org.springframework.data.repository.query.parser.PartTree$OrPart.<init>(PartTree.java:251)
	at org.springframework.data.repository.query.parser.PartTree$Predicate.lambda$new$0(PartTree.java:384)
	at java.base/java.util.stream.ReferencePipeline$3$1.accept(ReferencePipeline.java:197)
	at java.base/java.util.stream.ReferencePipeline$2$1.accept(ReferencePipeline.java:179)
	at java.base/java.util.Spliterators$ArraySpliterator.forEachRemaining(Spliterators.java:992)
	at java.base/java.util.stream.AbstractPipeline.copyInto(AbstractPipeline.java:509)
	at java.base/java.util.stream.AbstractPipeline.wrapAndCopyInto(AbstractPipeline.java:499)
	at java.base/java.util.stream.ReduceOps$ReduceOp.evaluateSequential(ReduceOps.java:921)
	at java.base/java.util.stream.AbstractPipeline.evaluate(AbstractPipeline.java:234)
	at java.base/java.util.stream.ReferencePipeline.collect(ReferencePipeline.java:682)
	at org.springframework.data.repository.query.parser.PartTree$Predicate.<init>(PartTree.java:385)
	at org.springframework.data.repository.query.parser.PartTree.<init>(PartTree.java:96)
	at org.springframework.data.jpa.repository.query.PartTreeJpaQuery.<init>(PartTreeJpaQuery.java:89)
	... 73 common frames omitted
2022-09-06 11:17:24 - INFO - Starting GroceryShoppingApplication using Java 18.0.2 on DELL-6JY1FL3 with PID 12472 (D:\project\GroceryShopping\target\classes started by Administrator in D:\project\GroceryShopping)
2022-09-06 11:17:24 - INFO - No active profile set, falling back to 1 default profile: "default"
2022-09-06 11:17:25 - INFO - Starting service [Tomcat]
2022-09-06 11:17:25 - INFO - Starting Servlet engine: [Apache Tomcat/9.0.65]
2022-09-06 11:17:26 - INFO - Initializing Spring embedded WebApplicationContext
2022-09-06 11:17:26 - INFO - HHH000204: Processing PersistenceUnitInfo [name: default]
2022-09-06 11:17:26 - INFO - HHH000412: Hibernate ORM core version 5.6.10.Final
2022-09-06 11:17:26 - INFO - HCANN000001: Hibernate Commons Annotations {5.1.2.Final}
2022-09-06 11:17:26 - INFO - HikariPool-1 - Starting...
2022-09-06 11:17:26 - WARN - Registered driver with driverClassName=com.mysql.jdbc.Driver was not found, trying direct instantiation.
2022-09-06 11:17:26 - INFO - HikariPool-1 - Start completed.
2022-09-06 11:17:26 - INFO - HHH000400: Using dialect: org.hibernate.dialect.MySQL5InnoDBDialect
2022-09-06 11:17:27 - INFO - HHH000490: Using JtaPlatform implementation: [org.hibernate.engine.transaction.jta.platform.internal.NoJtaPlatform]
2022-09-06 11:17:28 - INFO - HikariPool-1 - Shutdown initiated...
2022-09-06 11:17:28 - INFO - HikariPool-1 - Shutdown completed.
2022-09-06 11:17:28 - INFO - Stopping service [Tomcat]
2022-09-06 11:17:28 - ERROR - Application run failed
org.springframework.beans.factory.UnsatisfiedDependencyException: Error creating bean with name 'authController': Unsatisfied dependency expressed through field 'userService'; nested exception is org.springframework.beans.factory.UnsatisfiedDependencyException: Error creating bean with name 'userService': Unsatisfied dependency expressed through field 'cartRepository'; nested exception is org.springframework.beans.factory.BeanCreationException: Error creating bean with name 'cartRepository' defined in com.nseit.GroceryShopping.repository.CartRepository defined in @EnableJpaRepositories declared on JpaRepositoriesRegistrar.EnableJpaRepositoriesConfiguration: Invocation of init method failed; nested exception is org.springframework.data.repository.query.QueryCreationException: Could not create query for public abstract java.util.Optional com.nseit.GroceryShopping.repository.CartRepository.findByGrocerUser(com.nseit.GroceryShopping.model.GroceryUser); Reason: Failed to create query for method public abstract java.util.Optional com.nseit.GroceryShopping.repository.CartRepository.findByGrocerUser(com.nseit.GroceryShopping.model.GroceryUser)! No property 'grocerUser' found for type 'Cart' Did you mean ''groceryUser''; nested exception is java.lang.IllegalArgumentException: Failed to create query for method public abstract java.util.Optional com.nseit.GroceryShopping.repository.CartRepository.findByGrocerUser(com.nseit.GroceryShopping.model.GroceryUser)! No property 'grocerUser' found for type 'Cart' Did you mean ''groceryUser''
	at org.springframework.beans.factory.annotation.AutowiredAnnotationBeanPostProcessor$AutowiredFieldElement.resolveFieldValue(AutowiredAnnotationBeanPostProcessor.java:659)
	at org.springframework.beans.factory.annotation.AutowiredAnnotationBeanPostProcessor$AutowiredFieldElement.inject(AutowiredAnnotationBeanPostProcessor.java:639)
	at org.springframework.beans.factory.annotation.InjectionMetadata.inject(InjectionMetadata.java:119)
	at org.springframework.beans.factory.annotation.AutowiredAnnotationBeanPostProcessor.postProcessProperties(AutowiredAnnotationBeanPostProcessor.java:399)
	at org.springframework.beans.factory.support.AbstractAutowireCapableBeanFactory.populateBean(AbstractAutowireCapableBeanFactory.java:1431)
	at org.springframework.beans.factory.support.AbstractAutowireCapableBeanFactory.doCreateBean(AbstractAutowireCapableBeanFactory.java:619)
	at org.springframework.beans.factory.support.AbstractAutowireCapableBeanFactory.createBean(AbstractAutowireCapableBeanFactory.java:542)
	at org.springframework.beans.factory.support.AbstractBeanFactory.lambda$doGetBean$0(AbstractBeanFactory.java:335)
	at org.springframework.beans.factory.support.DefaultSingletonBeanRegistry.getSingleton(DefaultSingletonBeanRegistry.java:234)
	at org.springframework.beans.factory.support.AbstractBeanFactory.doGetBean(AbstractBeanFactory.java:333)
	at org.springframework.beans.factory.support.AbstractBeanFactory.getBean(AbstractBeanFactory.java:208)
	at org.springframework.beans.factory.support.DefaultListableBeanFactory.preInstantiateSingletons(DefaultListableBeanFactory.java:955)
	at org.springframework.context.support.AbstractApplicationContext.finishBeanFactoryInitialization(AbstractApplicationContext.java:918)
	at org.springframework.context.support.AbstractApplicationContext.refresh(AbstractApplicationContext.java:583)
	at org.springframework.boot.web.servlet.context.ServletWebServerApplicationContext.refresh(ServletWebServerApplicationContext.java:147)
	at org.springframework.boot.SpringApplication.refresh(SpringApplication.java:734)
	at org.springframework.boot.SpringApplication.refreshContext(SpringApplication.java:408)
	at org.springframework.boot.SpringApplication.run(SpringApplication.java:308)
	at org.springframework.boot.SpringApplication.run(SpringApplication.java:1306)
	at org.springframework.boot.SpringApplication.run(SpringApplication.java:1295)
	at com.nseit.GroceryShopping.GroceryShoppingApplication.main(GroceryShoppingApplication.java:11)
	at java.base/jdk.internal.reflect.DirectMethodHandleAccessor.invoke(DirectMethodHandleAccessor.java:104)
	at java.base/java.lang.reflect.Method.invoke(Method.java:577)
	at org.springframework.boot.devtools.restart.RestartLauncher.run(RestartLauncher.java:49)
Caused by: org.springframework.beans.factory.UnsatisfiedDependencyException: Error creating bean with name 'userService': Unsatisfied dependency expressed through field 'cartRepository'; nested exception is org.springframework.beans.factory.BeanCreationException: Error creating bean with name 'cartRepository' defined in com.nseit.GroceryShopping.repository.CartRepository defined in @EnableJpaRepositories declared on JpaRepositoriesRegistrar.EnableJpaRepositoriesConfiguration: Invocation of init method failed; nested exception is org.springframework.data.repository.query.QueryCreationException: Could not create query for public abstract java.util.Optional com.nseit.GroceryShopping.repository.CartRepository.findByGrocerUser(com.nseit.GroceryShopping.model.GroceryUser); Reason: Failed to create query for method public abstract java.util.Optional com.nseit.GroceryShopping.repository.CartRepository.findByGrocerUser(com.nseit.GroceryShopping.model.GroceryUser)! No property 'grocerUser' found for type 'Cart' Did you mean ''groceryUser''; nested exception is java.lang.IllegalArgumentException: Failed to create query for method public abstract java.util.Optional com.nseit.GroceryShopping.repository.CartRepository.findByGrocerUser(com.nseit.GroceryShopping.model.GroceryUser)! No property 'grocerUser' found for type 'Cart' Did you mean ''groceryUser''
	at org.springframework.beans.factory.annotation.AutowiredAnnotationBeanPostProcessor$AutowiredFieldElement.resolveFieldValue(AutowiredAnnotationBeanPostProcessor.java:659)
	at org.springframework.beans.factory.annotation.AutowiredAnnotationBeanPostProcessor$AutowiredFieldElement.inject(AutowiredAnnotationBeanPostProcessor.java:639)
	at org.springframework.beans.factory.annotation.InjectionMetadata.inject(InjectionMetadata.java:119)
	at org.springframework.beans.factory.annotation.AutowiredAnnotationBeanPostProcessor.postProcessProperties(AutowiredAnnotationBeanPostProcessor.java:399)
	at org.springframework.beans.factory.support.AbstractAutowireCapableBeanFactory.populateBean(AbstractAutowireCapableBeanFactory.java:1431)
	at org.springframework.beans.factory.support.AbstractAutowireCapableBeanFactory.doCreateBean(AbstractAutowireCapableBeanFactory.java:619)
	at org.springframework.beans.factory.support.AbstractAutowireCapableBeanFactory.createBean(AbstractAutowireCapableBeanFactory.java:542)
	at org.springframework.beans.factory.support.AbstractBeanFactory.lambda$doGetBean$0(AbstractBeanFactory.java:335)
	at org.springframework.beans.factory.support.DefaultSingletonBeanRegistry.getSingleton(DefaultSingletonBeanRegistry.java:234)
	at org.springframework.beans.factory.support.AbstractBeanFactory.doGetBean(AbstractBeanFactory.java:333)
	at org.springframework.beans.factory.support.AbstractBeanFactory.getBean(AbstractBeanFactory.java:208)
	at org.springframework.beans.factory.config.DependencyDescriptor.resolveCandidate(DependencyDescriptor.java:276)
	at org.springframework.beans.factory.support.DefaultListableBeanFactory.doResolveDependency(DefaultListableBeanFactory.java:1391)
	at org.springframework.beans.factory.support.DefaultListableBeanFactory.resolveDependency(DefaultListableBeanFactory.java:1311)
	at org.springframework.beans.factory.annotation.AutowiredAnnotationBeanPostProcessor$AutowiredFieldElement.resolveFieldValue(AutowiredAnnotationBeanPostProcessor.java:656)
	... 23 common frames omitted
Caused by: org.springframework.beans.factory.BeanCreationException: Error creating bean with name 'cartRepository' defined in com.nseit.GroceryShopping.repository.CartRepository defined in @EnableJpaRepositories declared on JpaRepositoriesRegistrar.EnableJpaRepositoriesConfiguration: Invocation of init method failed; nested exception is org.springframework.data.repository.query.QueryCreationException: Could not create query for public abstract java.util.Optional com.nseit.GroceryShopping.repository.CartRepository.findByGrocerUser(com.nseit.GroceryShopping.model.GroceryUser); Reason: Failed to create query for method public abstract java.util.Optional com.nseit.GroceryShopping.repository.CartRepository.findByGrocerUser(com.nseit.GroceryShopping.model.GroceryUser)! No property 'grocerUser' found for type 'Cart' Did you mean ''groceryUser''; nested exception is java.lang.IllegalArgumentException: Failed to create query for method public abstract java.util.Optional com.nseit.GroceryShopping.repository.CartRepository.findByGrocerUser(com.nseit.GroceryShopping.model.GroceryUser)! No property 'grocerUser' found for type 'Cart' Did you mean ''groceryUser''
	at org.springframework.beans.factory.support.AbstractAutowireCapableBeanFactory.initializeBean(AbstractAutowireCapableBeanFactory.java:1804)
	at org.springframework.beans.factory.support.AbstractAutowireCapableBeanFactory.doCreateBean(AbstractAutowireCapableBeanFactory.java:620)
	at org.springframework.beans.factory.support.AbstractAutowireCapableBeanFactory.createBean(AbstractAutowireCapableBeanFactory.java:542)
	at org.springframework.beans.factory.support.AbstractBeanFactory.lambda$doGetBean$0(AbstractBeanFactory.java:335)
	at org.springframework.beans.factory.support.DefaultSingletonBeanRegistry.getSingleton(DefaultSingletonBeanRegistry.java:234)
	at org.springframework.beans.factory.support.AbstractBeanFactory.doGetBean(AbstractBeanFactory.java:333)
	at org.springframework.beans.factory.support.AbstractBeanFactory.getBean(AbstractBeanFactory.java:208)
	at org.springframework.beans.factory.config.DependencyDescriptor.resolveCandidate(DependencyDescriptor.java:276)
	at org.springframework.beans.factory.support.DefaultListableBeanFactory.doResolveDependency(DefaultListableBeanFactory.java:1391)
	at org.springframework.beans.factory.support.DefaultListableBeanFactory.resolveDependency(DefaultListableBeanFactory.java:1311)
	at org.springframework.beans.factory.annotation.AutowiredAnnotationBeanPostProcessor$AutowiredFieldElement.resolveFieldValue(AutowiredAnnotationBeanPostProcessor.java:656)
	... 37 common frames omitted
Caused by: org.springframework.data.repository.query.QueryCreationException: Could not create query for public abstract java.util.Optional com.nseit.GroceryShopping.repository.CartRepository.findByGrocerUser(com.nseit.GroceryShopping.model.GroceryUser); Reason: Failed to create query for method public abstract java.util.Optional com.nseit.GroceryShopping.repository.CartRepository.findByGrocerUser(com.nseit.GroceryShopping.model.GroceryUser)! No property 'grocerUser' found for type 'Cart' Did you mean ''groceryUser''; nested exception is java.lang.IllegalArgumentException: Failed to create query for method public abstract java.util.Optional com.nseit.GroceryShopping.repository.CartRepository.findByGrocerUser(com.nseit.GroceryShopping.model.GroceryUser)! No property 'grocerUser' found for type 'Cart' Did you mean ''groceryUser''
	at org.springframework.data.repository.query.QueryCreationException.create(QueryCreationException.java:101)
	at org.springframework.data.repository.core.support.QueryExecutorMethodInterceptor.lookupQuery(QueryExecutorMethodInterceptor.java:107)
	at org.springframework.data.repository.core.support.QueryExecutorMethodInterceptor.lambda$mapMethodsToQuery$1(QueryExecutorMethodInterceptor.java:95)
	at java.base/java.util.stream.ReferencePipeline$3$1.accept(ReferencePipeline.java:197)
	at java.base/java.util.Iterator.forEachRemaining(Iterator.java:133)
	at java.base/java.util.Collections$UnmodifiableCollection$1.forEachRemaining(Collections.java:1061)
	at java.base/java.util.Spliterators$IteratorSpliterator.forEachRemaining(Spliterators.java:1845)
	at java.base/java.util.stream.AbstractPipeline.copyInto(AbstractPipeline.java:509)
	at java.base/java.util.stream.AbstractPipeline.wrapAndCopyInto(AbstractPipeline.java:499)
	at java.base/java.util.stream.ReduceOps$ReduceOp.evaluateSequential(ReduceOps.java:921)
	at java.base/java.util.stream.AbstractPipeline.evaluate(AbstractPipeline.java:234)
	at java.base/java.util.stream.ReferencePipeline.collect(ReferencePipeline.java:682)
	at org.springframework.data.repository.core.support.QueryExecutorMethodInterceptor.mapMethodsToQuery(QueryExecutorMethodInterceptor.java:97)
	at org.springframework.data.repository.core.support.QueryExecutorMethodInterceptor.lambda$new$0(QueryExecutorMethodInterceptor.java:87)
	at java.base/java.util.Optional.map(Optional.java:260)
	at org.springframework.data.repository.core.support.QueryExecutorMethodInterceptor.<init>(QueryExecutorMethodInterceptor.java:87)
	at org.springframework.data.repository.core.support.RepositoryFactorySupport.getRepository(RepositoryFactorySupport.java:365)
	at org.springframework.data.repository.core.support.RepositoryFactoryBeanSupport.lambda$afterPropertiesSet$5(RepositoryFactoryBeanSupport.java:323)
	at org.springframework.data.util.Lazy.getNullable(Lazy.java:231)
	at org.springframework.data.util.Lazy.get(Lazy.java:115)
	at org.springframework.data.repository.core.support.RepositoryFactoryBeanSupport.afterPropertiesSet(RepositoryFactoryBeanSupport.java:329)
	at org.springframework.data.jpa.repository.support.JpaRepositoryFactoryBean.afterPropertiesSet(JpaRepositoryFactoryBean.java:144)
	at org.springframework.beans.factory.support.AbstractAutowireCapableBeanFactory.invokeInitMethods(AbstractAutowireCapableBeanFactory.java:1863)
	at org.springframework.beans.factory.support.AbstractAutowireCapableBeanFactory.initializeBean(AbstractAutowireCapableBeanFactory.java:1800)
	... 47 common frames omitted
Caused by: java.lang.IllegalArgumentException: Failed to create query for method public abstract java.util.Optional com.nseit.GroceryShopping.repository.CartRepository.findByGrocerUser(com.nseit.GroceryShopping.model.GroceryUser)! No property 'grocerUser' found for type 'Cart' Did you mean ''groceryUser''
	at org.springframework.data.jpa.repository.query.PartTreeJpaQuery.<init>(PartTreeJpaQuery.java:96)
	at org.springframework.data.jpa.repository.query.JpaQueryLookupStrategy$CreateQueryLookupStrategy.resolveQuery(JpaQueryLookupStrategy.java:119)
	at org.springframework.data.jpa.repository.query.JpaQueryLookupStrategy$CreateIfNotFoundQueryLookupStrategy.resolveQuery(JpaQueryLookupStrategy.java:259)
	at org.springframework.data.jpa.repository.query.JpaQueryLookupStrategy$AbstractQueryLookupStrategy.resolveQuery(JpaQueryLookupStrategy.java:93)
	at org.springframework.data.repository.core.support.QueryExecutorMethodInterceptor.lookupQuery(QueryExecutorMethodInterceptor.java:103)
	... 69 common frames omitted
Caused by: org.springframework.data.mapping.PropertyReferenceException: No property 'grocerUser' found for type 'Cart' Did you mean ''groceryUser''
	at org.springframework.data.mapping.PropertyPath.<init>(PropertyPath.java:91)
	at org.springframework.data.mapping.PropertyPath.create(PropertyPath.java:438)
	at org.springframework.data.mapping.PropertyPath.create(PropertyPath.java:414)
	at org.springframework.data.mapping.PropertyPath.lambda$from$0(PropertyPath.java:367)
	at java.base/java.util.concurrent.ConcurrentMap.computeIfAbsent(ConcurrentMap.java:330)
	at org.springframework.data.mapping.PropertyPath.from(PropertyPath.java:349)
	at org.springframework.data.mapping.PropertyPath.from(PropertyPath.java:332)
	at org.springframework.data.repository.query.parser.Part.<init>(Part.java:81)
	at org.springframework.data.repository.query.parser.PartTree$OrPart.lambda$new$0(PartTree.java:250)
	at java.base/java.util.stream.ReferencePipeline$3$1.accept(ReferencePipeline.java:197)
	at java.base/java.util.stream.ReferencePipeline$2$1.accept(ReferencePipeline.java:179)
	at java.base/java.util.Spliterators$ArraySpliterator.forEachRemaining(Spliterators.java:992)
	at java.base/java.util.stream.AbstractPipeline.copyInto(AbstractPipeline.java:509)
	at java.base/java.util.stream.AbstractPipeline.wrapAndCopyInto(AbstractPipeline.java:499)
	at java.base/java.util.stream.ReduceOps$ReduceOp.evaluateSequential(ReduceOps.java:921)
	at java.base/java.util.stream.AbstractPipeline.evaluate(AbstractPipeline.java:234)
	at java.base/java.util.stream.ReferencePipeline.collect(ReferencePipeline.java:682)
	at org.springframework.data.repository.query.parser.PartTree$OrPart.<init>(PartTree.java:251)
	at org.springframework.data.repository.query.parser.PartTree$Predicate.lambda$new$0(PartTree.java:384)
	at java.base/java.util.stream.ReferencePipeline$3$1.accept(ReferencePipeline.java:197)
	at java.base/java.util.stream.ReferencePipeline$2$1.accept(ReferencePipeline.java:179)
	at java.base/java.util.Spliterators$ArraySpliterator.forEachRemaining(Spliterators.java:992)
	at java.base/java.util.stream.AbstractPipeline.copyInto(AbstractPipeline.java:509)
	at java.base/java.util.stream.AbstractPipeline.wrapAndCopyInto(AbstractPipeline.java:499)
	at java.base/java.util.stream.ReduceOps$ReduceOp.evaluateSequential(ReduceOps.java:921)
	at java.base/java.util.stream.AbstractPipeline.evaluate(AbstractPipeline.java:234)
	at java.base/java.util.stream.ReferencePipeline.collect(ReferencePipeline.java:682)
	at org.springframework.data.repository.query.parser.PartTree$Predicate.<init>(PartTree.java:385)
	at org.springframework.data.repository.query.parser.PartTree.<init>(PartTree.java:96)
	at org.springframework.data.jpa.repository.query.PartTreeJpaQuery.<init>(PartTreeJpaQuery.java:89)
	... 73 common frames omitted
2022-09-06 11:21:22 - INFO - Starting GroceryShoppingApplication using Java 18.0.2 on DELL-6JY1FL3 with PID 13376 (D:\project\GroceryShopping\target\classes started by Administrator in D:\project\GroceryShopping)
2022-09-06 11:21:22 - INFO - No active profile set, falling back to 1 default profile: "default"
2022-09-06 11:21:24 - INFO - Starting service [Tomcat]
2022-09-06 11:21:24 - INFO - Starting Servlet engine: [Apache Tomcat/9.0.65]
2022-09-06 11:21:24 - INFO - Initializing Spring embedded WebApplicationContext
2022-09-06 11:21:24 - INFO - HHH000204: Processing PersistenceUnitInfo [name: default]
2022-09-06 11:21:24 - INFO - HHH000412: Hibernate ORM core version 5.6.10.Final
2022-09-06 11:21:25 - INFO - HCANN000001: Hibernate Commons Annotations {5.1.2.Final}
2022-09-06 11:21:25 - INFO - HikariPool-1 - Starting...
2022-09-06 11:21:25 - WARN - Registered driver with driverClassName=com.mysql.jdbc.Driver was not found, trying direct instantiation.
2022-09-06 11:21:25 - INFO - HikariPool-1 - Start completed.
2022-09-06 11:21:25 - INFO - HHH000400: Using dialect: org.hibernate.dialect.MySQL5InnoDBDialect
2022-09-06 11:21:26 - INFO - HHH000490: Using JtaPlatform implementation: [org.hibernate.engine.transaction.jta.platform.internal.NoJtaPlatform]
2022-09-06 11:21:27 - INFO - HikariPool-1 - Shutdown initiated...
2022-09-06 11:21:27 - INFO - HikariPool-1 - Shutdown completed.
2022-09-06 11:21:27 - INFO - Stopping service [Tomcat]
2022-09-06 11:21:27 - ERROR - Application run failed
org.springframework.beans.factory.UnsatisfiedDependencyException: Error creating bean with name 'authController': Unsatisfied dependency expressed through field 'userService'; nested exception is org.springframework.beans.factory.UnsatisfiedDependencyException: Error creating bean with name 'userService': Unsatisfied dependency expressed through field 'cartRepository'; nested exception is org.springframework.beans.factory.BeanCreationException: Error creating bean with name 'cartRepository' defined in com.nseit.GroceryShopping.repository.CartRepository defined in @EnableJpaRepositories declared on JpaRepositoriesRegistrar.EnableJpaRepositoriesConfiguration: Invocation of init method failed; nested exception is org.springframework.data.repository.query.QueryCreationException: Could not create query for public abstract java.util.Optional com.nseit.GroceryShopping.repository.CartRepository.findByGrocerUser(com.nseit.GroceryShopping.model.GroceryUser); Reason: Failed to create query for method public abstract java.util.Optional com.nseit.GroceryShopping.repository.CartRepository.findByGrocerUser(com.nseit.GroceryShopping.model.GroceryUser)! No property 'grocerUser' found for type 'Cart' Did you mean ''groceryUser''; nested exception is java.lang.IllegalArgumentException: Failed to create query for method public abstract java.util.Optional com.nseit.GroceryShopping.repository.CartRepository.findByGrocerUser(com.nseit.GroceryShopping.model.GroceryUser)! No property 'grocerUser' found for type 'Cart' Did you mean ''groceryUser''
	at org.springframework.beans.factory.annotation.AutowiredAnnotationBeanPostProcessor$AutowiredFieldElement.resolveFieldValue(AutowiredAnnotationBeanPostProcessor.java:659)
	at org.springframework.beans.factory.annotation.AutowiredAnnotationBeanPostProcessor$AutowiredFieldElement.inject(AutowiredAnnotationBeanPostProcessor.java:639)
	at org.springframework.beans.factory.annotation.InjectionMetadata.inject(InjectionMetadata.java:119)
	at org.springframework.beans.factory.annotation.AutowiredAnnotationBeanPostProcessor.postProcessProperties(AutowiredAnnotationBeanPostProcessor.java:399)
	at org.springframework.beans.factory.support.AbstractAutowireCapableBeanFactory.populateBean(AbstractAutowireCapableBeanFactory.java:1431)
	at org.springframework.beans.factory.support.AbstractAutowireCapableBeanFactory.doCreateBean(AbstractAutowireCapableBeanFactory.java:619)
	at org.springframework.beans.factory.support.AbstractAutowireCapableBeanFactory.createBean(AbstractAutowireCapableBeanFactory.java:542)
	at org.springframework.beans.factory.support.AbstractBeanFactory.lambda$doGetBean$0(AbstractBeanFactory.java:335)
	at org.springframework.beans.factory.support.DefaultSingletonBeanRegistry.getSingleton(DefaultSingletonBeanRegistry.java:234)
	at org.springframework.beans.factory.support.AbstractBeanFactory.doGetBean(AbstractBeanFactory.java:333)
	at org.springframework.beans.factory.support.AbstractBeanFactory.getBean(AbstractBeanFactory.java:208)
	at org.springframework.beans.factory.support.DefaultListableBeanFactory.preInstantiateSingletons(DefaultListableBeanFactory.java:955)
	at org.springframework.context.support.AbstractApplicationContext.finishBeanFactoryInitialization(AbstractApplicationContext.java:918)
	at org.springframework.context.support.AbstractApplicationContext.refresh(AbstractApplicationContext.java:583)
	at org.springframework.boot.web.servlet.context.ServletWebServerApplicationContext.refresh(ServletWebServerApplicationContext.java:147)
	at org.springframework.boot.SpringApplication.refresh(SpringApplication.java:734)
	at org.springframework.boot.SpringApplication.refreshContext(SpringApplication.java:408)
	at org.springframework.boot.SpringApplication.run(SpringApplication.java:308)
	at org.springframework.boot.SpringApplication.run(SpringApplication.java:1306)
	at org.springframework.boot.SpringApplication.run(SpringApplication.java:1295)
	at com.nseit.GroceryShopping.GroceryShoppingApplication.main(GroceryShoppingApplication.java:11)
	at java.base/jdk.internal.reflect.DirectMethodHandleAccessor.invoke(DirectMethodHandleAccessor.java:104)
	at java.base/java.lang.reflect.Method.invoke(Method.java:577)
	at org.springframework.boot.devtools.restart.RestartLauncher.run(RestartLauncher.java:49)
Caused by: org.springframework.beans.factory.UnsatisfiedDependencyException: Error creating bean with name 'userService': Unsatisfied dependency expressed through field 'cartRepository'; nested exception is org.springframework.beans.factory.BeanCreationException: Error creating bean with name 'cartRepository' defined in com.nseit.GroceryShopping.repository.CartRepository defined in @EnableJpaRepositories declared on JpaRepositoriesRegistrar.EnableJpaRepositoriesConfiguration: Invocation of init method failed; nested exception is org.springframework.data.repository.query.QueryCreationException: Could not create query for public abstract java.util.Optional com.nseit.GroceryShopping.repository.CartRepository.findByGrocerUser(com.nseit.GroceryShopping.model.GroceryUser); Reason: Failed to create query for method public abstract java.util.Optional com.nseit.GroceryShopping.repository.CartRepository.findByGrocerUser(com.nseit.GroceryShopping.model.GroceryUser)! No property 'grocerUser' found for type 'Cart' Did you mean ''groceryUser''; nested exception is java.lang.IllegalArgumentException: Failed to create query for method public abstract java.util.Optional com.nseit.GroceryShopping.repository.CartRepository.findByGrocerUser(com.nseit.GroceryShopping.model.GroceryUser)! No property 'grocerUser' found for type 'Cart' Did you mean ''groceryUser''
	at org.springframework.beans.factory.annotation.AutowiredAnnotationBeanPostProcessor$AutowiredFieldElement.resolveFieldValue(AutowiredAnnotationBeanPostProcessor.java:659)
	at org.springframework.beans.factory.annotation.AutowiredAnnotationBeanPostProcessor$AutowiredFieldElement.inject(AutowiredAnnotationBeanPostProcessor.java:639)
	at org.springframework.beans.factory.annotation.InjectionMetadata.inject(InjectionMetadata.java:119)
	at org.springframework.beans.factory.annotation.AutowiredAnnotationBeanPostProcessor.postProcessProperties(AutowiredAnnotationBeanPostProcessor.java:399)
	at org.springframework.beans.factory.support.AbstractAutowireCapableBeanFactory.populateBean(AbstractAutowireCapableBeanFactory.java:1431)
	at org.springframework.beans.factory.support.AbstractAutowireCapableBeanFactory.doCreateBean(AbstractAutowireCapableBeanFactory.java:619)
	at org.springframework.beans.factory.support.AbstractAutowireCapableBeanFactory.createBean(AbstractAutowireCapableBeanFactory.java:542)
	at org.springframework.beans.factory.support.AbstractBeanFactory.lambda$doGetBean$0(AbstractBeanFactory.java:335)
	at org.springframework.beans.factory.support.DefaultSingletonBeanRegistry.getSingleton(DefaultSingletonBeanRegistry.java:234)
	at org.springframework.beans.factory.support.AbstractBeanFactory.doGetBean(AbstractBeanFactory.java:333)
	at org.springframework.beans.factory.support.AbstractBeanFactory.getBean(AbstractBeanFactory.java:208)
	at org.springframework.beans.factory.config.DependencyDescriptor.resolveCandidate(DependencyDescriptor.java:276)
	at org.springframework.beans.factory.support.DefaultListableBeanFactory.doResolveDependency(DefaultListableBeanFactory.java:1391)
	at org.springframework.beans.factory.support.DefaultListableBeanFactory.resolveDependency(DefaultListableBeanFactory.java:1311)
	at org.springframework.beans.factory.annotation.AutowiredAnnotationBeanPostProcessor$AutowiredFieldElement.resolveFieldValue(AutowiredAnnotationBeanPostProcessor.java:656)
	... 23 common frames omitted
Caused by: org.springframework.beans.factory.BeanCreationException: Error creating bean with name 'cartRepository' defined in com.nseit.GroceryShopping.repository.CartRepository defined in @EnableJpaRepositories declared on JpaRepositoriesRegistrar.EnableJpaRepositoriesConfiguration: Invocation of init method failed; nested exception is org.springframework.data.repository.query.QueryCreationException: Could not create query for public abstract java.util.Optional com.nseit.GroceryShopping.repository.CartRepository.findByGrocerUser(com.nseit.GroceryShopping.model.GroceryUser); Reason: Failed to create query for method public abstract java.util.Optional com.nseit.GroceryShopping.repository.CartRepository.findByGrocerUser(com.nseit.GroceryShopping.model.GroceryUser)! No property 'grocerUser' found for type 'Cart' Did you mean ''groceryUser''; nested exception is java.lang.IllegalArgumentException: Failed to create query for method public abstract java.util.Optional com.nseit.GroceryShopping.repository.CartRepository.findByGrocerUser(com.nseit.GroceryShopping.model.GroceryUser)! No property 'grocerUser' found for type 'Cart' Did you mean ''groceryUser''
	at org.springframework.beans.factory.support.AbstractAutowireCapableBeanFactory.initializeBean(AbstractAutowireCapableBeanFactory.java:1804)
	at org.springframework.beans.factory.support.AbstractAutowireCapableBeanFactory.doCreateBean(AbstractAutowireCapableBeanFactory.java:620)
	at org.springframework.beans.factory.support.AbstractAutowireCapableBeanFactory.createBean(AbstractAutowireCapableBeanFactory.java:542)
	at org.springframework.beans.factory.support.AbstractBeanFactory.lambda$doGetBean$0(AbstractBeanFactory.java:335)
	at org.springframework.beans.factory.support.DefaultSingletonBeanRegistry.getSingleton(DefaultSingletonBeanRegistry.java:234)
	at org.springframework.beans.factory.support.AbstractBeanFactory.doGetBean(AbstractBeanFactory.java:333)
	at org.springframework.beans.factory.support.AbstractBeanFactory.getBean(AbstractBeanFactory.java:208)
	at org.springframework.beans.factory.config.DependencyDescriptor.resolveCandidate(DependencyDescriptor.java:276)
	at org.springframework.beans.factory.support.DefaultListableBeanFactory.doResolveDependency(DefaultListableBeanFactory.java:1391)
	at org.springframework.beans.factory.support.DefaultListableBeanFactory.resolveDependency(DefaultListableBeanFactory.java:1311)
	at org.springframework.beans.factory.annotation.AutowiredAnnotationBeanPostProcessor$AutowiredFieldElement.resolveFieldValue(AutowiredAnnotationBeanPostProcessor.java:656)
	... 37 common frames omitted
Caused by: org.springframework.data.repository.query.QueryCreationException: Could not create query for public abstract java.util.Optional com.nseit.GroceryShopping.repository.CartRepository.findByGrocerUser(com.nseit.GroceryShopping.model.GroceryUser); Reason: Failed to create query for method public abstract java.util.Optional com.nseit.GroceryShopping.repository.CartRepository.findByGrocerUser(com.nseit.GroceryShopping.model.GroceryUser)! No property 'grocerUser' found for type 'Cart' Did you mean ''groceryUser''; nested exception is java.lang.IllegalArgumentException: Failed to create query for method public abstract java.util.Optional com.nseit.GroceryShopping.repository.CartRepository.findByGrocerUser(com.nseit.GroceryShopping.model.GroceryUser)! No property 'grocerUser' found for type 'Cart' Did you mean ''groceryUser''
	at org.springframework.data.repository.query.QueryCreationException.create(QueryCreationException.java:101)
	at org.springframework.data.repository.core.support.QueryExecutorMethodInterceptor.lookupQuery(QueryExecutorMethodInterceptor.java:107)
	at org.springframework.data.repository.core.support.QueryExecutorMethodInterceptor.lambda$mapMethodsToQuery$1(QueryExecutorMethodInterceptor.java:95)
	at java.base/java.util.stream.ReferencePipeline$3$1.accept(ReferencePipeline.java:197)
	at java.base/java.util.Iterator.forEachRemaining(Iterator.java:133)
	at java.base/java.util.Collections$UnmodifiableCollection$1.forEachRemaining(Collections.java:1061)
	at java.base/java.util.Spliterators$IteratorSpliterator.forEachRemaining(Spliterators.java:1845)
	at java.base/java.util.stream.AbstractPipeline.copyInto(AbstractPipeline.java:509)
	at java.base/java.util.stream.AbstractPipeline.wrapAndCopyInto(AbstractPipeline.java:499)
	at java.base/java.util.stream.ReduceOps$ReduceOp.evaluateSequential(ReduceOps.java:921)
	at java.base/java.util.stream.AbstractPipeline.evaluate(AbstractPipeline.java:234)
	at java.base/java.util.stream.ReferencePipeline.collect(ReferencePipeline.java:682)
	at org.springframework.data.repository.core.support.QueryExecutorMethodInterceptor.mapMethodsToQuery(QueryExecutorMethodInterceptor.java:97)
	at org.springframework.data.repository.core.support.QueryExecutorMethodInterceptor.lambda$new$0(QueryExecutorMethodInterceptor.java:87)
	at java.base/java.util.Optional.map(Optional.java:260)
	at org.springframework.data.repository.core.support.QueryExecutorMethodInterceptor.<init>(QueryExecutorMethodInterceptor.java:87)
	at org.springframework.data.repository.core.support.RepositoryFactorySupport.getRepository(RepositoryFactorySupport.java:365)
	at org.springframework.data.repository.core.support.RepositoryFactoryBeanSupport.lambda$afterPropertiesSet$5(RepositoryFactoryBeanSupport.java:323)
	at org.springframework.data.util.Lazy.getNullable(Lazy.java:231)
	at org.springframework.data.util.Lazy.get(Lazy.java:115)
	at org.springframework.data.repository.core.support.RepositoryFactoryBeanSupport.afterPropertiesSet(RepositoryFactoryBeanSupport.java:329)
	at org.springframework.data.jpa.repository.support.JpaRepositoryFactoryBean.afterPropertiesSet(JpaRepositoryFactoryBean.java:144)
	at org.springframework.beans.factory.support.AbstractAutowireCapableBeanFactory.invokeInitMethods(AbstractAutowireCapableBeanFactory.java:1863)
	at org.springframework.beans.factory.support.AbstractAutowireCapableBeanFactory.initializeBean(AbstractAutowireCapableBeanFactory.java:1800)
	... 47 common frames omitted
Caused by: java.lang.IllegalArgumentException: Failed to create query for method public abstract java.util.Optional com.nseit.GroceryShopping.repository.CartRepository.findByGrocerUser(com.nseit.GroceryShopping.model.GroceryUser)! No property 'grocerUser' found for type 'Cart' Did you mean ''groceryUser''
	at org.springframework.data.jpa.repository.query.PartTreeJpaQuery.<init>(PartTreeJpaQuery.java:96)
	at org.springframework.data.jpa.repository.query.JpaQueryLookupStrategy$CreateQueryLookupStrategy.resolveQuery(JpaQueryLookupStrategy.java:119)
	at org.springframework.data.jpa.repository.query.JpaQueryLookupStrategy$CreateIfNotFoundQueryLookupStrategy.resolveQuery(JpaQueryLookupStrategy.java:259)
	at org.springframework.data.jpa.repository.query.JpaQueryLookupStrategy$AbstractQueryLookupStrategy.resolveQuery(JpaQueryLookupStrategy.java:93)
	at org.springframework.data.repository.core.support.QueryExecutorMethodInterceptor.lookupQuery(QueryExecutorMethodInterceptor.java:103)
	... 69 common frames omitted
Caused by: org.springframework.data.mapping.PropertyReferenceException: No property 'grocerUser' found for type 'Cart' Did you mean ''groceryUser''
	at org.springframework.data.mapping.PropertyPath.<init>(PropertyPath.java:91)
	at org.springframework.data.mapping.PropertyPath.create(PropertyPath.java:438)
	at org.springframework.data.mapping.PropertyPath.create(PropertyPath.java:414)
	at org.springframework.data.mapping.PropertyPath.lambda$from$0(PropertyPath.java:367)
	at java.base/java.util.concurrent.ConcurrentMap.computeIfAbsent(ConcurrentMap.java:330)
	at org.springframework.data.mapping.PropertyPath.from(PropertyPath.java:349)
	at org.springframework.data.mapping.PropertyPath.from(PropertyPath.java:332)
	at org.springframework.data.repository.query.parser.Part.<init>(Part.java:81)
	at org.springframework.data.repository.query.parser.PartTree$OrPart.lambda$new$0(PartTree.java:250)
	at java.base/java.util.stream.ReferencePipeline$3$1.accept(ReferencePipeline.java:197)
	at java.base/java.util.stream.ReferencePipeline$2$1.accept(ReferencePipeline.java:179)
	at java.base/java.util.Spliterators$ArraySpliterator.forEachRemaining(Spliterators.java:992)
	at java.base/java.util.stream.AbstractPipeline.copyInto(AbstractPipeline.java:509)
	at java.base/java.util.stream.AbstractPipeline.wrapAndCopyInto(AbstractPipeline.java:499)
	at java.base/java.util.stream.ReduceOps$ReduceOp.evaluateSequential(ReduceOps.java:921)
	at java.base/java.util.stream.AbstractPipeline.evaluate(AbstractPipeline.java:234)
	at java.base/java.util.stream.ReferencePipeline.collect(ReferencePipeline.java:682)
	at org.springframework.data.repository.query.parser.PartTree$OrPart.<init>(PartTree.java:251)
	at org.springframework.data.repository.query.parser.PartTree$Predicate.lambda$new$0(PartTree.java:384)
	at java.base/java.util.stream.ReferencePipeline$3$1.accept(ReferencePipeline.java:197)
	at java.base/java.util.stream.ReferencePipeline$2$1.accept(ReferencePipeline.java:179)
	at java.base/java.util.Spliterators$ArraySpliterator.forEachRemaining(Spliterators.java:992)
	at java.base/java.util.stream.AbstractPipeline.copyInto(AbstractPipeline.java:509)
	at java.base/java.util.stream.AbstractPipeline.wrapAndCopyInto(AbstractPipeline.java:499)
	at java.base/java.util.stream.ReduceOps$ReduceOp.evaluateSequential(ReduceOps.java:921)
	at java.base/java.util.stream.AbstractPipeline.evaluate(AbstractPipeline.java:234)
	at java.base/java.util.stream.ReferencePipeline.collect(ReferencePipeline.java:682)
	at org.springframework.data.repository.query.parser.PartTree$Predicate.<init>(PartTree.java:385)
	at org.springframework.data.repository.query.parser.PartTree.<init>(PartTree.java:96)
	at org.springframework.data.jpa.repository.query.PartTreeJpaQuery.<init>(PartTreeJpaQuery.java:89)
	... 73 common frames omitted
2022-09-06 11:22:59 - INFO - Starting GroceryShoppingApplication using Java 18.0.2 on DELL-6JY1FL3 with PID 13008 (D:\project\GroceryShopping\target\classes started by Administrator in D:\project\GroceryShopping)
2022-09-06 11:22:59 - INFO - No active profile set, falling back to 1 default profile: "default"
2022-09-06 11:23:01 - INFO - Starting service [Tomcat]
2022-09-06 11:23:01 - INFO - Starting Servlet engine: [Apache Tomcat/9.0.65]
2022-09-06 11:23:01 - INFO - Initializing Spring embedded WebApplicationContext
2022-09-06 11:23:02 - INFO - HHH000204: Processing PersistenceUnitInfo [name: default]
2022-09-06 11:23:02 - INFO - HHH000412: Hibernate ORM core version 5.6.10.Final
2022-09-06 11:23:02 - INFO - HCANN000001: Hibernate Commons Annotations {5.1.2.Final}
2022-09-06 11:23:02 - INFO - HikariPool-1 - Starting...
2022-09-06 11:23:02 - WARN - Registered driver with driverClassName=com.mysql.jdbc.Driver was not found, trying direct instantiation.
2022-09-06 11:23:02 - INFO - HikariPool-1 - Start completed.
2022-09-06 11:23:02 - INFO - HHH000400: Using dialect: org.hibernate.dialect.MySQL5InnoDBDialect
2022-09-06 11:23:03 - INFO - HHH000490: Using JtaPlatform implementation: [org.hibernate.engine.transaction.jta.platform.internal.NoJtaPlatform]
2022-09-06 11:23:04 - INFO - HikariPool-1 - Shutdown initiated...
2022-09-06 11:23:04 - INFO - HikariPool-1 - Shutdown completed.
2022-09-06 11:23:04 - INFO - Stopping service [Tomcat]
2022-09-06 11:23:04 - ERROR - Application run failed
org.springframework.beans.factory.BeanCreationException: Error creating bean with name 'cartGroceryRepository' defined in com.nseit.GroceryShopping.repository.CartGroceryRepository defined in @EnableJpaRepositories declared on JpaRepositoriesRegistrar.EnableJpaRepositoriesConfiguration: Invocation of init method failed; nested exception is org.springframework.data.repository.query.QueryCreationException: Could not create query for public abstract java.util.Optional com.nseit.GroceryShopping.repository.CartGroceryRepository.findByGroceryAndCart(com.nseit.GroceryShopping.model.Product,com.nseit.GroceryShopping.model.Cart); Reason: Failed to create query for method public abstract java.util.Optional com.nseit.GroceryShopping.repository.CartGroceryRepository.findByGroceryAndCart(com.nseit.GroceryShopping.model.Product,com.nseit.GroceryShopping.model.Cart)! No property 'grocery' found for type 'CartGrocery'; nested exception is java.lang.IllegalArgumentException: Failed to create query for method public abstract java.util.Optional com.nseit.GroceryShopping.repository.CartGroceryRepository.findByGroceryAndCart(com.nseit.GroceryShopping.model.Product,com.nseit.GroceryShopping.model.Cart)! No property 'grocery' found for type 'CartGrocery'
	at org.springframework.beans.factory.support.AbstractAutowireCapableBeanFactory.initializeBean(AbstractAutowireCapableBeanFactory.java:1804)
	at org.springframework.beans.factory.support.AbstractAutowireCapableBeanFactory.doCreateBean(AbstractAutowireCapableBeanFactory.java:620)
	at org.springframework.beans.factory.support.AbstractAutowireCapableBeanFactory.createBean(AbstractAutowireCapableBeanFactory.java:542)
	at org.springframework.beans.factory.support.AbstractBeanFactory.lambda$doGetBean$0(AbstractBeanFactory.java:335)
	at org.springframework.beans.factory.support.DefaultSingletonBeanRegistry.getSingleton(DefaultSingletonBeanRegistry.java:234)
	at org.springframework.beans.factory.support.AbstractBeanFactory.doGetBean(AbstractBeanFactory.java:333)
	at org.springframework.beans.factory.support.AbstractBeanFactory.getBean(AbstractBeanFactory.java:208)
	at org.springframework.beans.factory.support.DefaultListableBeanFactory.preInstantiateSingletons(DefaultListableBeanFactory.java:936)
	at org.springframework.context.support.AbstractApplicationContext.finishBeanFactoryInitialization(AbstractApplicationContext.java:918)
	at org.springframework.context.support.AbstractApplicationContext.refresh(AbstractApplicationContext.java:583)
	at org.springframework.boot.web.servlet.context.ServletWebServerApplicationContext.refresh(ServletWebServerApplicationContext.java:147)
	at org.springframework.boot.SpringApplication.refresh(SpringApplication.java:734)
	at org.springframework.boot.SpringApplication.refreshContext(SpringApplication.java:408)
	at org.springframework.boot.SpringApplication.run(SpringApplication.java:308)
	at org.springframework.boot.SpringApplication.run(SpringApplication.java:1306)
	at org.springframework.boot.SpringApplication.run(SpringApplication.java:1295)
	at com.nseit.GroceryShopping.GroceryShoppingApplication.main(GroceryShoppingApplication.java:11)
	at java.base/jdk.internal.reflect.DirectMethodHandleAccessor.invoke(DirectMethodHandleAccessor.java:104)
	at java.base/java.lang.reflect.Method.invoke(Method.java:577)
	at org.springframework.boot.devtools.restart.RestartLauncher.run(RestartLauncher.java:49)
Caused by: org.springframework.data.repository.query.QueryCreationException: Could not create query for public abstract java.util.Optional com.nseit.GroceryShopping.repository.CartGroceryRepository.findByGroceryAndCart(com.nseit.GroceryShopping.model.Product,com.nseit.GroceryShopping.model.Cart); Reason: Failed to create query for method public abstract java.util.Optional com.nseit.GroceryShopping.repository.CartGroceryRepository.findByGroceryAndCart(com.nseit.GroceryShopping.model.Product,com.nseit.GroceryShopping.model.Cart)! No property 'grocery' found for type 'CartGrocery'; nested exception is java.lang.IllegalArgumentException: Failed to create query for method public abstract java.util.Optional com.nseit.GroceryShopping.repository.CartGroceryRepository.findByGroceryAndCart(com.nseit.GroceryShopping.model.Product,com.nseit.GroceryShopping.model.Cart)! No property 'grocery' found for type 'CartGrocery'
	at org.springframework.data.repository.query.QueryCreationException.create(QueryCreationException.java:101)
	at org.springframework.data.repository.core.support.QueryExecutorMethodInterceptor.lookupQuery(QueryExecutorMethodInterceptor.java:107)
	at org.springframework.data.repository.core.support.QueryExecutorMethodInterceptor.lambda$mapMethodsToQuery$1(QueryExecutorMethodInterceptor.java:95)
	at java.base/java.util.stream.ReferencePipeline$3$1.accept(ReferencePipeline.java:197)
	at java.base/java.util.Iterator.forEachRemaining(Iterator.java:133)
	at java.base/java.util.Collections$UnmodifiableCollection$1.forEachRemaining(Collections.java:1061)
	at java.base/java.util.Spliterators$IteratorSpliterator.forEachRemaining(Spliterators.java:1845)
	at java.base/java.util.stream.AbstractPipeline.copyInto(AbstractPipeline.java:509)
	at java.base/java.util.stream.AbstractPipeline.wrapAndCopyInto(AbstractPipeline.java:499)
	at java.base/java.util.stream.ReduceOps$ReduceOp.evaluateSequential(ReduceOps.java:921)
	at java.base/java.util.stream.AbstractPipeline.evaluate(AbstractPipeline.java:234)
	at java.base/java.util.stream.ReferencePipeline.collect(ReferencePipeline.java:682)
	at org.springframework.data.repository.core.support.QueryExecutorMethodInterceptor.mapMethodsToQuery(QueryExecutorMethodInterceptor.java:97)
	at org.springframework.data.repository.core.support.QueryExecutorMethodInterceptor.lambda$new$0(QueryExecutorMethodInterceptor.java:87)
	at java.base/java.util.Optional.map(Optional.java:260)
	at org.springframework.data.repository.core.support.QueryExecutorMethodInterceptor.<init>(QueryExecutorMethodInterceptor.java:87)
	at org.springframework.data.repository.core.support.RepositoryFactorySupport.getRepository(RepositoryFactorySupport.java:365)
	at org.springframework.data.repository.core.support.RepositoryFactoryBeanSupport.lambda$afterPropertiesSet$5(RepositoryFactoryBeanSupport.java:323)
	at org.springframework.data.util.Lazy.getNullable(Lazy.java:231)
	at org.springframework.data.util.Lazy.get(Lazy.java:115)
	at org.springframework.data.repository.core.support.RepositoryFactoryBeanSupport.afterPropertiesSet(RepositoryFactoryBeanSupport.java:329)
	at org.springframework.data.jpa.repository.support.JpaRepositoryFactoryBean.afterPropertiesSet(JpaRepositoryFactoryBean.java:144)
	at org.springframework.beans.factory.support.AbstractAutowireCapableBeanFactory.invokeInitMethods(AbstractAutowireCapableBeanFactory.java:1863)
	at org.springframework.beans.factory.support.AbstractAutowireCapableBeanFactory.initializeBean(AbstractAutowireCapableBeanFactory.java:1800)
	... 19 common frames omitted
Caused by: java.lang.IllegalArgumentException: Failed to create query for method public abstract java.util.Optional com.nseit.GroceryShopping.repository.CartGroceryRepository.findByGroceryAndCart(com.nseit.GroceryShopping.model.Product,com.nseit.GroceryShopping.model.Cart)! No property 'grocery' found for type 'CartGrocery'
	at org.springframework.data.jpa.repository.query.PartTreeJpaQuery.<init>(PartTreeJpaQuery.java:96)
	at org.springframework.data.jpa.repository.query.JpaQueryLookupStrategy$CreateQueryLookupStrategy.resolveQuery(JpaQueryLookupStrategy.java:119)
	at org.springframework.data.jpa.repository.query.JpaQueryLookupStrategy$CreateIfNotFoundQueryLookupStrategy.resolveQuery(JpaQueryLookupStrategy.java:259)
	at org.springframework.data.jpa.repository.query.JpaQueryLookupStrategy$AbstractQueryLookupStrategy.resolveQuery(JpaQueryLookupStrategy.java:93)
	at org.springframework.data.repository.core.support.QueryExecutorMethodInterceptor.lookupQuery(QueryExecutorMethodInterceptor.java:103)
	... 41 common frames omitted
Caused by: org.springframework.data.mapping.PropertyReferenceException: No property 'grocery' found for type 'CartGrocery'
	at org.springframework.data.mapping.PropertyPath.<init>(PropertyPath.java:91)
	at org.springframework.data.mapping.PropertyPath.create(PropertyPath.java:438)
	at org.springframework.data.mapping.PropertyPath.create(PropertyPath.java:414)
	at org.springframework.data.mapping.PropertyPath.lambda$from$0(PropertyPath.java:367)
	at java.base/java.util.concurrent.ConcurrentMap.computeIfAbsent(ConcurrentMap.java:330)
	at org.springframework.data.mapping.PropertyPath.from(PropertyPath.java:349)
	at org.springframework.data.mapping.PropertyPath.from(PropertyPath.java:332)
	at org.springframework.data.repository.query.parser.Part.<init>(Part.java:81)
	at org.springframework.data.repository.query.parser.PartTree$OrPart.lambda$new$0(PartTree.java:250)
	at java.base/java.util.stream.ReferencePipeline$3$1.accept(ReferencePipeline.java:197)
	at java.base/java.util.stream.ReferencePipeline$2$1.accept(ReferencePipeline.java:179)
	at java.base/java.util.Spliterators$ArraySpliterator.forEachRemaining(Spliterators.java:992)
	at java.base/java.util.stream.AbstractPipeline.copyInto(AbstractPipeline.java:509)
	at java.base/java.util.stream.AbstractPipeline.wrapAndCopyInto(AbstractPipeline.java:499)
	at java.base/java.util.stream.ReduceOps$ReduceOp.evaluateSequential(ReduceOps.java:921)
	at java.base/java.util.stream.AbstractPipeline.evaluate(AbstractPipeline.java:234)
	at java.base/java.util.stream.ReferencePipeline.collect(ReferencePipeline.java:682)
	at org.springframework.data.repository.query.parser.PartTree$OrPart.<init>(PartTree.java:251)
	at org.springframework.data.repository.query.parser.PartTree$Predicate.lambda$new$0(PartTree.java:384)
	at java.base/java.util.stream.ReferencePipeline$3$1.accept(ReferencePipeline.java:197)
	at java.base/java.util.stream.ReferencePipeline$2$1.accept(ReferencePipeline.java:179)
	at java.base/java.util.Spliterators$ArraySpliterator.forEachRemaining(Spliterators.java:992)
	at java.base/java.util.stream.AbstractPipeline.copyInto(AbstractPipeline.java:509)
	at java.base/java.util.stream.AbstractPipeline.wrapAndCopyInto(AbstractPipeline.java:499)
	at java.base/java.util.stream.ReduceOps$ReduceOp.evaluateSequential(ReduceOps.java:921)
	at java.base/java.util.stream.AbstractPipeline.evaluate(AbstractPipeline.java:234)
	at java.base/java.util.stream.ReferencePipeline.collect(ReferencePipeline.java:682)
	at org.springframework.data.repository.query.parser.PartTree$Predicate.<init>(PartTree.java:385)
	at org.springframework.data.repository.query.parser.PartTree.<init>(PartTree.java:96)
	at org.springframework.data.jpa.repository.query.PartTreeJpaQuery.<init>(PartTreeJpaQuery.java:89)
	... 45 common frames omitted
2022-09-06 11:23:32 - INFO - Starting GroceryShoppingApplication using Java 18.0.2 on DELL-6JY1FL3 with PID 7848 (D:\project\GroceryShopping\target\classes started by Administrator in D:\project\GroceryShopping)
2022-09-06 11:23:32 - INFO - No active profile set, falling back to 1 default profile: "default"
2022-09-06 11:23:34 - INFO - Starting service [Tomcat]
2022-09-06 11:23:34 - INFO - Starting Servlet engine: [Apache Tomcat/9.0.65]
2022-09-06 11:23:34 - INFO - Initializing Spring embedded WebApplicationContext
2022-09-06 11:23:35 - INFO - HHH000204: Processing PersistenceUnitInfo [name: default]
2022-09-06 11:23:35 - INFO - HHH000412: Hibernate ORM core version 5.6.10.Final
2022-09-06 11:23:35 - INFO - HCANN000001: Hibernate Commons Annotations {5.1.2.Final}
2022-09-06 11:23:35 - INFO - HikariPool-1 - Starting...
2022-09-06 11:23:35 - WARN - Registered driver with driverClassName=com.mysql.jdbc.Driver was not found, trying direct instantiation.
2022-09-06 11:23:35 - INFO - HikariPool-1 - Start completed.
2022-09-06 11:23:35 - INFO - HHH000400: Using dialect: org.hibernate.dialect.MySQL5InnoDBDialect
2022-09-06 11:23:36 - INFO - HHH000490: Using JtaPlatform implementation: [org.hibernate.engine.transaction.jta.platform.internal.NoJtaPlatform]
2022-09-06 11:23:38 - INFO - Started GroceryShoppingApplication in 5.505 seconds (JVM running for 6.107)
2022-09-06 11:25:03 - INFO - Initializing Spring DispatcherServlet 'dispatcherServlet'
2022-09-06 11:25:32 - ERROR - null
2022-09-06 11:28:51 - INFO - HikariPool-1 - Shutdown initiated...
2022-09-06 11:28:51 - INFO - HikariPool-1 - Shutdown completed.
